<?xml version="1.0" encoding="UTF-8"?>
<!-- Generated by org.testng.reporters.JUnitXMLReporter -->
<testsuite ignored="1" hostname="DESKTOP-SKMHA9M" failures="0" tests="5" name="Other Test" time="0.126" errors="0" timestamp="2023-12-18T16:38:43 IST">
  <testcase classname="com.phase2.testng.TestNgStandardAnnotationTest" name="testOne" time="0.015"/>
  <testcase classname="com.phase2.testng.TestNgStandardAnnotationTest" name="testTwo" time="0.0"/>
  <testcase classname="com.phase2.testng.AssertionTest" name="hardAssertTest" time="0.0"/>
  <testcase classname="com.phase2.testng.AssertionTest" name="softAssertTest" time="0.027"/>
  <testcase classname="com.phase2.testng.AssertionTest" name="testAsserts" time="0.0"/>
  <testcase classname="com.phase2.testng.TestNgStandardAnnotationTest" name="testThree" time="0.0">
    <ignored/>
  </testcase> <!-- testThree -->
</testsuite> <!-- Other Test -->
